2019-08-26 13:54:56.646  INFO 11192 --- [main] com.vera.trade.TradeApplication          : Starting TradeApplication on DESKTOP-2QDUQ9D with PID 11192 (E:\idea_java\vr_back\target\classes started by v in E:\idea_java\vr_back)
2019-08-26 13:54:56.906  INFO 11192 --- [main] com.vera.trade.TradeApplication          : No active profile set, falling back to default profiles: default
2019-08-26 13:55:01.115  INFO 11192 --- [main] o.s.b.w.embedded.tomcat.TomcatWebServer  : Tomcat initialized with port(s): 8090 (http)
2019-08-26 13:55:01.145  INFO 11192 --- [main] o.apache.catalina.core.StandardService   : Starting service [Tomcat]
2019-08-26 13:55:01.145  INFO 11192 --- [main] org.apache.catalina.core.StandardEngine  : Starting Servlet engine: [Apache Tomcat/9.0.21]
2019-08-26 13:55:01.383  INFO 11192 --- [main] o.a.c.c.C.[Tomcat].[localhost].[/]       : Initializing Spring embedded WebApplicationContext
2019-08-26 13:55:01.393  INFO 11192 --- [main] o.s.web.context.ContextLoader            : Root WebApplicationContext: initialization completed in 4302 ms
2019-08-26 13:55:02.621  INFO 11192 --- [main] o.s.s.concurrent.ThreadPoolTaskExecutor  : Initializing ExecutorService 'applicationTaskExecutor'
2019-08-26 13:55:03.336  INFO 11192 --- [main] o.s.b.a.w.s.WelcomePageHandlerMapping    : Adding welcome page template: index
2019-08-26 13:55:03.708  INFO 11192 --- [main] o.s.b.w.embedded.tomcat.TomcatWebServer  : Tomcat started on port(s): 8090 (http) with context path ''
2019-08-26 13:55:03.718  INFO 11192 --- [main] com.vera.trade.TradeApplication          : Started TradeApplication in 9.293 seconds (JVM running for 13.913)
2019-08-26 14:02:51.515  INFO 6428 --- [main] com.vera.trade.TradeApplicationTests     : Starting TradeApplicationTests on DESKTOP-2QDUQ9D with PID 6428 (started by v in E:\idea_java\vr_back)
2019-08-26 14:02:51.525  INFO 6428 --- [main] com.vera.trade.TradeApplicationTests     : No active profile set, falling back to default profiles: default
2019-08-26 14:02:58.515  INFO 6428 --- [main] o.s.s.concurrent.ThreadPoolTaskExecutor  : Initializing ExecutorService 'applicationTaskExecutor'
2019-08-26 14:02:59.465  INFO 6428 --- [main] o.s.b.a.w.s.WelcomePageHandlerMapping    : Adding welcome page template: index
2019-08-26 14:03:00.735  INFO 6428 --- [main] com.vera.trade.TradeApplicationTests     : Started TradeApplicationTests in 10.51 seconds (JVM running for 13.302)
2019-08-26 14:03:01.895  INFO 6428 --- [Thread-2] o.s.s.concurrent.ThreadPoolTaskExecutor  : Shutting down ExecutorService 'applicationTaskExecutor'
2019-08-26 14:05:33.158  INFO 5828 --- [main] com.vera.trade.TradeApplicationTests     : Starting TradeApplicationTests on DESKTOP-2QDUQ9D with PID 5828 (started by v in E:\idea_java\vr_back)
2019-08-26 14:05:33.158  INFO 5828 --- [main] com.vera.trade.TradeApplicationTests     : No active profile set, falling back to default profiles: default
2019-08-26 14:05:40.010  INFO 5828 --- [main] o.s.s.concurrent.ThreadPoolTaskExecutor  : Initializing ExecutorService 'applicationTaskExecutor'
2019-08-26 14:05:40.620  INFO 5828 --- [main] o.s.b.a.w.s.WelcomePageHandlerMapping    : Adding welcome page template: index
2019-08-26 14:05:41.216  INFO 5828 --- [main] com.vera.trade.TradeApplicationTests     : Started TradeApplicationTests in 9.478 seconds (JVM running for 11.955)
2019-08-26 14:05:41.708  INFO 5828 --- [Thread-2] o.s.s.concurrent.ThreadPoolTaskExecutor  : Shutting down ExecutorService 'applicationTaskExecutor'
2019-08-26 14:06:47.213  INFO 2128 --- [main] com.vera.trade.TradeApplicationTests     : Starting TradeApplicationTests on DESKTOP-2QDUQ9D with PID 2128 (started by v in E:\idea_java\vr_back)
2019-08-26 14:06:47.223  INFO 2128 --- [main] com.vera.trade.TradeApplicationTests     : No active profile set, falling back to default profiles: default
2019-08-26 14:06:54.051  INFO 2128 --- [main] o.s.s.concurrent.ThreadPoolTaskExecutor  : Initializing ExecutorService 'applicationTaskExecutor'
2019-08-26 14:06:55.483  INFO 2128 --- [main] o.s.b.a.w.s.WelcomePageHandlerMapping    : Adding welcome page template: index
2019-08-26 14:06:56.283  INFO 2128 --- [main] com.vera.trade.TradeApplicationTests     : Started TradeApplicationTests in 10.449 seconds (JVM running for 15.487)
2019-08-26 14:07:10.571  INFO 2128 --- [Thread-2] o.s.s.concurrent.ThreadPoolTaskExecutor  : Shutting down ExecutorService 'applicationTaskExecutor'
2019-08-26 14:07:39.994  INFO 5100 --- [main] com.vera.trade.TradeApplicationTests     : Starting TradeApplicationTests on DESKTOP-2QDUQ9D with PID 5100 (started by v in E:\idea_java\vr_back)
2019-08-26 14:07:39.994  INFO 5100 --- [main] com.vera.trade.TradeApplicationTests     : No active profile set, falling back to default profiles: default
2019-08-26 14:07:48.053  INFO 5100 --- [main] o.s.s.concurrent.ThreadPoolTaskExecutor  : Initializing ExecutorService 'applicationTaskExecutor'
2019-08-26 14:07:48.872  INFO 5100 --- [main] o.s.b.a.w.s.WelcomePageHandlerMapping    : Adding welcome page template: index
2019-08-26 14:07:49.752  INFO 5100 --- [main] com.vera.trade.TradeApplicationTests     : Started TradeApplicationTests in 11.277 seconds (JVM running for 14.954)
2019-08-26 14:08:01.945  INFO 5100 --- [Thread-2] o.s.s.concurrent.ThreadPoolTaskExecutor  : Shutting down ExecutorService 'applicationTaskExecutor'
2019-08-26 14:08:41.691  INFO 7652 --- [main] com.vera.trade.TradeApplicationTests     : Starting TradeApplicationTests on DESKTOP-2QDUQ9D with PID 7652 (started by v in E:\idea_java\vr_back)
2019-08-26 14:08:41.701  INFO 7652 --- [main] com.vera.trade.TradeApplicationTests     : No active profile set, falling back to default profiles: default
2019-08-26 14:08:50.734  INFO 7652 --- [main] o.s.s.concurrent.ThreadPoolTaskExecutor  : Initializing ExecutorService 'applicationTaskExecutor'
2019-08-26 14:08:51.910  INFO 7652 --- [main] o.s.b.a.w.s.WelcomePageHandlerMapping    : Adding welcome page template: index
2019-08-26 14:08:52.849  INFO 7652 --- [main] com.vera.trade.TradeApplicationTests     : Started TradeApplicationTests in 12.792 seconds (JVM running for 16.15)
2019-08-26 14:09:01.634  INFO 7652 --- [Thread-2] o.s.s.concurrent.ThreadPoolTaskExecutor  : Shutting down ExecutorService 'applicationTaskExecutor'
2019-08-26 14:12:27.226  INFO 5876 --- [main] com.vera.trade.TradeApplicationTests     : Starting TradeApplicationTests on DESKTOP-2QDUQ9D with PID 5876 (started by v in E:\idea_java\vr_back)
2019-08-26 14:12:27.246  INFO 5876 --- [main] com.vera.trade.TradeApplicationTests     : No active profile set, falling back to default profiles: default
2019-08-26 14:12:34.219  INFO 5876 --- [main] o.s.s.concurrent.ThreadPoolTaskExecutor  : Initializing ExecutorService 'applicationTaskExecutor'
2019-08-26 14:12:34.869  INFO 5876 --- [main] o.s.b.a.w.s.WelcomePageHandlerMapping    : Adding welcome page template: index
2019-08-26 14:12:35.738  INFO 5876 --- [main] com.vera.trade.TradeApplicationTests     : Started TradeApplicationTests in 9.782 seconds (JVM running for 12.576)
2019-08-26 14:12:36.326  INFO 5876 --- [Thread-2] o.s.s.concurrent.ThreadPoolTaskExecutor  : Shutting down ExecutorService 'applicationTaskExecutor'
2019-08-26 14:13:36.192  INFO 8368 --- [main] com.vera.trade.TradeApplicationTests     : Starting TradeApplicationTests on DESKTOP-2QDUQ9D with PID 8368 (started by v in E:\idea_java\vr_back)
2019-08-26 14:13:36.192  INFO 8368 --- [main] com.vera.trade.TradeApplicationTests     : No active profile set, falling back to default profiles: default
2019-08-26 14:13:43.436  INFO 8368 --- [main] o.s.s.concurrent.ThreadPoolTaskExecutor  : Initializing ExecutorService 'applicationTaskExecutor'
2019-08-26 14:13:44.388  INFO 8368 --- [main] o.s.b.a.w.s.WelcomePageHandlerMapping    : Adding welcome page template: index
2019-08-26 14:13:45.213  INFO 8368 --- [main] com.vera.trade.TradeApplicationTests     : Started TradeApplicationTests in 10.951 seconds (JVM running for 14.509)
2019-08-26 14:13:59.436  INFO 8368 --- [Thread-3] com.zaxxer.hikari.HikariDataSource       : HikariPool-1 - Starting...
2019-08-26 14:13:59.556  INFO 8368 --- [Thread-2] o.s.s.concurrent.ThreadPoolTaskExecutor  : Shutting down ExecutorService 'applicationTaskExecutor'
2019-08-26 14:17:15.559  INFO 3504 --- [main] com.vera.trade.TradeApplicationTests     : Starting TradeApplicationTests on DESKTOP-2QDUQ9D with PID 3504 (started by v in E:\idea_java\vr_back)
2019-08-26 14:17:15.564  INFO 3504 --- [main] com.vera.trade.TradeApplicationTests     : No active profile set, falling back to default profiles: default
2019-08-26 14:17:25.808  INFO 3504 --- [main] o.s.s.concurrent.ThreadPoolTaskExecutor  : Initializing ExecutorService 'applicationTaskExecutor'
2019-08-26 14:17:27.342  INFO 3504 --- [main] o.s.b.a.w.s.WelcomePageHandlerMapping    : Adding welcome page template: index
2019-08-26 14:17:28.496  INFO 3504 --- [main] com.vera.trade.TradeApplicationTests     : Started TradeApplicationTests in 15.052 seconds (JVM running for 18.352)
2019-08-26 14:17:45.690  INFO 3504 --- [Thread-3] com.zaxxer.hikari.HikariDataSource       : HikariPool-1 - Starting...
2019-08-26 14:18:10.132  INFO 3504 --- [Thread-2] o.s.s.concurrent.ThreadPoolTaskExecutor  : Shutting down ExecutorService 'applicationTaskExecutor'
2019-08-26 14:29:57.722  INFO 11524 --- [main] com.vera.trade.TradeApplicationTests     : Starting TradeApplicationTests on DESKTOP-2QDUQ9D with PID 11524 (started by v in E:\idea_java\vr_back)
2019-08-26 14:29:57.728  INFO 11524 --- [main] com.vera.trade.TradeApplicationTests     : No active profile set, falling back to default profiles: default
2019-08-26 14:30:06.208  INFO 11524 --- [main] o.s.s.concurrent.ThreadPoolTaskExecutor  : Initializing ExecutorService 'applicationTaskExecutor'
2019-08-26 14:30:07.501  INFO 11524 --- [main] o.s.b.a.w.s.WelcomePageHandlerMapping    : Adding welcome page template: index
2019-08-26 14:30:08.866  INFO 11524 --- [main] com.vera.trade.TradeApplicationTests     : Started TradeApplicationTests in 12.694 seconds (JVM running for 16.25)
2019-08-26 14:30:30.275  INFO 11524 --- [main] com.zaxxer.hikari.HikariDataSource       : HikariPool-1 - Starting...
2019-08-26 14:30:35.483  INFO 11524 --- [main] com.zaxxer.hikari.HikariDataSource       : HikariPool-1 - Start completed.
2019-08-26 14:31:06.524  INFO 11524 --- [Thread-2] o.s.s.concurrent.ThreadPoolTaskExecutor  : Shutting down ExecutorService 'applicationTaskExecutor'
2019-08-26 14:31:06.527  INFO 11524 --- [Thread-2] com.zaxxer.hikari.HikariDataSource       : HikariPool-1 - Shutdown initiated...
2019-08-26 14:31:06.587  INFO 11524 --- [Thread-2] com.zaxxer.hikari.HikariDataSource       : HikariPool-1 - Shutdown completed.
2019-08-26 14:31:06.586  WARN 11524 --- [main] com.zaxxer.hikari.pool.ProxyConnection   : HikariPool-1 - Connection com.mysql.cj.jdbc.ConnectionImpl@37a67cf marked as broken because of SQLSTATE(08S01), ErrorCode(0)

com.mysql.cj.jdbc.exceptions.CommunicationsException: Communications link failure

The last packet successfully received from the server was 150 milliseconds ago.  The last packet sent successfully to the server was 157 milliseconds ago.
	at com.mysql.cj.jdbc.exceptions.SQLError.createCommunicationsException(SQLError.java:174) ~[mysql-connector-java-8.0.16.jar:8.0.16]
	at com.mysql.cj.jdbc.exceptions.SQLExceptionsMapping.translateException(SQLExceptionsMapping.java:64) ~[mysql-connector-java-8.0.16.jar:8.0.16]
	at com.mysql.cj.jdbc.ClientPreparedStatement.executeInternal(ClientPreparedStatement.java:955) ~[mysql-connector-java-8.0.16.jar:8.0.16]
	at com.mysql.cj.jdbc.ClientPreparedStatement.execute(ClientPreparedStatement.java:372) ~[mysql-connector-java-8.0.16.jar:8.0.16]
	at com.zaxxer.hikari.pool.ProxyPreparedStatement.execute(ProxyPreparedStatement.java:44) ~[HikariCP-3.2.0.jar:na]
	at com.zaxxer.hikari.pool.HikariProxyPreparedStatement.execute(HikariProxyPreparedStatement.java) [HikariCP-3.2.0.jar:na]
	at org.apache.ibatis.executor.statement.PreparedStatementHandler.update(PreparedStatementHandler.java:47) [mybatis-3.5.2.jar:3.5.2]
	at org.apache.ibatis.executor.statement.RoutingStatementHandler.update(RoutingStatementHandler.java:74) [mybatis-3.5.2.jar:3.5.2]
	at org.apache.ibatis.executor.SimpleExecutor.doUpdate(SimpleExecutor.java:50) [mybatis-3.5.2.jar:3.5.2]
	at org.apache.ibatis.executor.BaseExecutor.update(BaseExecutor.java:117) [mybatis-3.5.2.jar:3.5.2]
	at org.apache.ibatis.executor.CachingExecutor.update(CachingExecutor.java:76) [mybatis-3.5.2.jar:3.5.2]
	at org.apache.ibatis.session.defaults.DefaultSqlSession.update(DefaultSqlSession.java:197) [mybatis-3.5.2.jar:3.5.2]
	at sun.reflect.NativeMethodAccessorImpl.invoke0(Native Method) ~[na:1.8.0_191]
	at sun.reflect.NativeMethodAccessorImpl.invoke(NativeMethodAccessorImpl.java:62) ~[na:1.8.0_191]
	at sun.reflect.DelegatingMethodAccessorImpl.invoke(DelegatingMethodAccessorImpl.java:43) ~[na:1.8.0_191]
	at java.lang.reflect.Method.invoke(Method.java:498) ~[na:1.8.0_191]
	at org.mybatis.spring.SqlSessionTemplate$SqlSessionInterceptor.invoke(SqlSessionTemplate.java:426) [mybatis-spring-2.0.2.jar:2.0.2]
	at com.sun.proxy.$Proxy73.update(Unknown Source) [na:na]
	at org.mybatis.spring.SqlSessionTemplate.update(SqlSessionTemplate.java:287) [mybatis-spring-2.0.2.jar:2.0.2]
	at org.apache.ibatis.binding.MapperMethod.execute(MapperMethod.java:67) [mybatis-3.5.2.jar:3.5.2]
	at org.apache.ibatis.binding.MapperProxy.invoke(MapperProxy.java:57) [mybatis-3.5.2.jar:3.5.2]
	at com.sun.proxy.$Proxy74.updateByPrimaryKey(Unknown Source) [na:na]
	at com.vera.trade.service.ModelServiceImpl.updateByPrimaryKey(ModelServiceImpl.java:42) [classes/:na]
	at com.vera.trade.service.ModelServiceImpl$$FastClassBySpringCGLIB$$72563f2.invoke(<generated>) [classes/:na]
	at org.springframework.cglib.proxy.MethodProxy.invoke(MethodProxy.java:218) [spring-core-5.1.8.RELEASE.jar:5.1.8.RELEASE]
	at org.springframework.aop.framework.CglibAopProxy$CglibMethodInvocation.invokeJoinpoint(CglibAopProxy.java:749) [spring-aop-5.1.8.RELEASE.jar:5.1.8.RELEASE]
	at org.springframework.aop.framework.ReflectiveMethodInvocation.proceed(ReflectiveMethodInvocation.java:163) [spring-aop-5.1.8.RELEASE.jar:5.1.8.RELEASE]
	at org.springframework.transaction.interceptor.TransactionAspectSupport.invokeWithinTransaction(TransactionAspectSupport.java:295) ~[spring-tx-5.1.8.RELEASE.jar:5.1.8.RELEASE]
	at org.springframework.transaction.interceptor.TransactionInterceptor.invoke(TransactionInterceptor.java:98) ~[spring-tx-5.1.8.RELEASE.jar:5.1.8.RELEASE]
	at org.springframework.aop.framework.ReflectiveMethodInvocation.proceed(ReflectiveMethodInvocation.java:186) [spring-aop-5.1.8.RELEASE.jar:5.1.8.RELEASE]
	at org.springframework.aop.framework.CglibAopProxy$DynamicAdvisedInterceptor.intercept(CglibAopProxy.java:688) ~[spring-aop-5.1.8.RELEASE.jar:5.1.8.RELEASE]
	at com.vera.trade.service.ModelServiceImpl$$EnhancerBySpringCGLIB$$55d9e0c1.updateByPrimaryKey(<generated>) ~[classes/:na]
	at com.vera.trade.service.AsyncService.t1(AsyncService.java:22) ~[classes/:na]
	at com.vera.trade.TradeApplicationTests.t1(TradeApplicationTests.java:21) ~[test-classes/:na]
	at sun.reflect.NativeMethodAccessorImpl.invoke0(Native Method) ~[na:1.8.0_191]
	at sun.reflect.NativeMethodAccessorImpl.invoke(NativeMethodAccessorImpl.java:62) ~[na:1.8.0_191]
	at sun.reflect.DelegatingMethodAccessorImpl.invoke(DelegatingMethodAccessorImpl.java:43) ~[na:1.8.0_191]
	at java.lang.reflect.Method.invoke(Method.java:498) ~[na:1.8.0_191]
	at org.junit.runners.model.FrameworkMethod$1.runReflectiveCall(FrameworkMethod.java:50) ~[junit-4.12.jar:4.12]
	at org.junit.internal.runners.model.ReflectiveCallable.run(ReflectiveCallable.java:12) ~[junit-4.12.jar:4.12]
	at org.junit.runners.model.FrameworkMethod.invokeExplosively(FrameworkMethod.java:47) ~[junit-4.12.jar:4.12]
	at org.junit.internal.runners.statements.InvokeMethod.evaluate(InvokeMethod.java:17) ~[junit-4.12.jar:4.12]
	at org.springframework.test.context.junit4.statements.RunBeforeTestExecutionCallbacks.evaluate(RunBeforeTestExecutionCallbacks.java:74) ~[spring-test-5.1.8.RELEASE.jar:5.1.8.RELEASE]
	at org.springframework.test.context.junit4.statements.RunAfterTestExecutionCallbacks.evaluate(RunAfterTestExecutionCallbacks.java:84) ~[spring-test-5.1.8.RELEASE.jar:5.1.8.RELEASE]
	at org.springframework.test.context.junit4.statements.RunBeforeTestMethodCallbacks.evaluate(RunBeforeTestMethodCallbacks.java:75) ~[spring-test-5.1.8.RELEASE.jar:5.1.8.RELEASE]
	at org.springframework.test.context.junit4.statements.RunAfterTestMethodCallbacks.evaluate(RunAfterTestMethodCallbacks.java:86) ~[spring-test-5.1.8.RELEASE.jar:5.1.8.RELEASE]
	at org.springframework.test.context.junit4.statements.SpringRepeat.evaluate(SpringRepeat.java:84) ~[spring-test-5.1.8.RELEASE.jar:5.1.8.RELEASE]
	at org.junit.runners.ParentRunner.runLeaf(ParentRunner.java:325) ~[junit-4.12.jar:4.12]
	at org.springframework.test.context.junit4.SpringJUnit4ClassRunner.runChild(SpringJUnit4ClassRunner.java:251) ~[spring-test-5.1.8.RELEASE.jar:5.1.8.RELEASE]
	at org.springframework.test.context.junit4.SpringJUnit4ClassRunner.runChild(SpringJUnit4ClassRunner.java:97) ~[spring-test-5.1.8.RELEASE.jar:5.1.8.RELEASE]
	at org.junit.runners.ParentRunner$3.run(ParentRunner.java:290) ~[junit-4.12.jar:4.12]
	at org.junit.runners.ParentRunner$1.schedule(ParentRunner.java:71) ~[junit-4.12.jar:4.12]
	at org.junit.runners.ParentRunner.runChildren(ParentRunner.java:288) ~[junit-4.12.jar:4.12]
	at org.junit.runners.ParentRunner.access$000(ParentRunner.java:58) ~[junit-4.12.jar:4.12]
	at org.junit.runners.ParentRunner$2.evaluate(ParentRunner.java:268) ~[junit-4.12.jar:4.12]
	at org.springframework.test.context.junit4.statements.RunBeforeTestClassCallbacks.evaluate(RunBeforeTestClassCallbacks.java:61) ~[spring-test-5.1.8.RELEASE.jar:5.1.8.RELEASE]
	at org.springframework.test.context.junit4.statements.RunAfterTestClassCallbacks.evaluate(RunAfterTestClassCallbacks.java:70) ~[spring-test-5.1.8.RELEASE.jar:5.1.8.RELEASE]
	at org.junit.runners.ParentRunner.run(ParentRunner.java:363) ~[junit-4.12.jar:4.12]
	at org.springframework.test.context.junit4.SpringJUnit4ClassRunner.run(SpringJUnit4ClassRunner.java:190) ~[spring-test-5.1.8.RELEASE.jar:5.1.8.RELEASE]
	at org.junit.runner.JUnitCore.run(JUnitCore.java:137) ~[junit-4.12.jar:4.12]
	at com.intellij.junit4.JUnit4IdeaTestRunner.startRunnerWithArgs(JUnit4IdeaTestRunner.java:68) ~[junit-rt.jar:na]
	at com.intellij.rt.execution.junit.IdeaTestRunner$Repeater.startRunnerWithArgs(IdeaTestRunner.java:47) ~[junit-rt.jar:na]
	at com.intellij.rt.execution.junit.JUnitStarter.prepareStreamsAndStart(JUnitStarter.java:242) ~[junit-rt.jar:na]
	at com.intellij.rt.execution.junit.JUnitStarter.main(JUnitStarter.java:70) ~[junit-rt.jar:na]
Caused by: com.mysql.cj.exceptions.CJCommunicationsException: Communications link failure

The last packet successfully received from the server was 150 milliseconds ago.  The last packet sent successfully to the server was 157 milliseconds ago.
	at sun.reflect.NativeConstructorAccessorImpl.newInstance0(Native Method) ~[na:1.8.0_191]
	at sun.reflect.NativeConstructorAccessorImpl.newInstance(NativeConstructorAccessorImpl.java:62) ~[na:1.8.0_191]
	at sun.reflect.DelegatingConstructorAccessorImpl.newInstance(DelegatingConstructorAccessorImpl.java:45) ~[na:1.8.0_191]
	at java.lang.reflect.Constructor.newInstance(Constructor.java:423) ~[na:1.8.0_191]
	at com.mysql.cj.exceptions.ExceptionFactory.createException(ExceptionFactory.java:61) ~[mysql-connector-java-8.0.16.jar:8.0.16]
	at com.mysql.cj.exceptions.ExceptionFactory.createException(ExceptionFactory.java:105) ~[mysql-connector-java-8.0.16.jar:8.0.16]
	at com.mysql.cj.exceptions.ExceptionFactory.createException(ExceptionFactory.java:151) ~[mysql-connector-java-8.0.16.jar:8.0.16]
	at com.mysql.cj.exceptions.ExceptionFactory.createCommunicationsException(ExceptionFactory.java:167) ~[mysql-connector-java-8.0.16.jar:8.0.16]
	at com.mysql.cj.protocol.a.NativeProtocol.readMessage(NativeProtocol.java:562) ~[mysql-connector-java-8.0.16.jar:8.0.16]
	at com.mysql.cj.protocol.a.NativeProtocol.checkErrorMessage(NativeProtocol.java:732) ~[mysql-connector-java-8.0.16.jar:8.0.16]
	at com.mysql.cj.protocol.a.NativeProtocol.sendCommand(NativeProtocol.java:671) ~[mysql-connector-java-8.0.16.jar:8.0.16]
	at com.mysql.cj.protocol.a.NativeProtocol.sendQueryPacket(NativeProtocol.java:986) ~[mysql-connector-java-8.0.16.jar:8.0.16]
	at com.mysql.cj.NativeSession.execSQL(NativeSession.java:1168) ~[mysql-connector-java-8.0.16.jar:8.0.16]
	at com.mysql.cj.jdbc.ClientPreparedStatement.executeInternal(ClientPreparedStatement.java:932) ~[mysql-connector-java-8.0.16.jar:8.0.16]
	... 61 common frames omitted
Caused by: java.net.SocketException: Socket closed
	at java.net.SocketInputStream.socketRead0(Native Method) ~[na:1.8.0_191]
	at java.net.SocketInputStream.socketRead(SocketInputStream.java:116) ~[na:1.8.0_191]
	at java.net.SocketInputStream.read(SocketInputStream.java:171) ~[na:1.8.0_191]
	at java.net.SocketInputStream.read(SocketInputStream.java:141) ~[na:1.8.0_191]
	at sun.security.ssl.InputRecord.readFully(InputRecord.java:465) ~[na:1.8.0_191]
	at sun.security.ssl.InputRecord.read(InputRecord.java:503) ~[na:1.8.0_191]
	at sun.security.ssl.SSLSocketImpl.readRecord(SSLSocketImpl.java:975) ~[na:1.8.0_191]
	at sun.security.ssl.SSLSocketImpl.readDataRecord(SSLSocketImpl.java:933) ~[na:1.8.0_191]
	at sun.security.ssl.AppInputStream.read(AppInputStream.java:105) ~[na:1.8.0_191]
	at java.io.FilterInputStream.read(FilterInputStream.java:133) ~[na:1.8.0_191]
	at com.mysql.cj.protocol.FullReadInputStream.readFully(FullReadInputStream.java:64) ~[mysql-connector-java-8.0.16.jar:8.0.16]
	at com.mysql.cj.protocol.a.SimplePacketReader.readHeader(SimplePacketReader.java:63) ~[mysql-connector-java-8.0.16.jar:8.0.16]
	at com.mysql.cj.protocol.a.SimplePacketReader.readHeader(SimplePacketReader.java:45) ~[mysql-connector-java-8.0.16.jar:8.0.16]
	at com.mysql.cj.protocol.a.TimeTrackingPacketReader.readHeader(TimeTrackingPacketReader.java:52) ~[mysql-connector-java-8.0.16.jar:8.0.16]
	at com.mysql.cj.protocol.a.TimeTrackingPacketReader.readHeader(TimeTrackingPacketReader.java:41) ~[mysql-connector-java-8.0.16.jar:8.0.16]
	at com.mysql.cj.protocol.a.MultiPacketReader.readHeader(MultiPacketReader.java:54) ~[mysql-connector-java-8.0.16.jar:8.0.16]
	at com.mysql.cj.protocol.a.MultiPacketReader.readHeader(MultiPacketReader.java:44) ~[mysql-connector-java-8.0.16.jar:8.0.16]
	at com.mysql.cj.protocol.a.NativeProtocol.readMessage(NativeProtocol.java:556) ~[mysql-connector-java-8.0.16.jar:8.0.16]
	... 66 common frames omitted

2019-08-26 14:31:42.290  INFO 6740 --- [main] com.vera.trade.TradeApplicationTests     : Starting TradeApplicationTests on DESKTOP-2QDUQ9D with PID 6740 (started by v in E:\idea_java\vr_back)
2019-08-26 14:31:42.293  INFO 6740 --- [main] com.vera.trade.TradeApplicationTests     : No active profile set, falling back to default profiles: default
2019-08-26 14:31:46.596  INFO 6740 --- [main] trationDelegate$BeanPostProcessorChecker : Bean 'threadConfig' of type [com.vera.trade.ThreadConfig$$EnhancerBySpringCGLIB$$7c8d0e9e] is not eligible for getting processed by all BeanPostProcessors (for example: not eligible for auto-proxying)
2019-08-26 14:31:49.967  INFO 6740 --- [main] o.s.s.concurrent.ThreadPoolTaskExecutor  : Initializing ExecutorService 'applicationTaskExecutor'
2019-08-26 14:31:50.725  INFO 6740 --- [main] o.s.b.a.w.s.WelcomePageHandlerMapping    : Adding welcome page template: index
2019-08-26 14:31:52.025  INFO 6740 --- [main] com.vera.trade.TradeApplicationTests     : Started TradeApplicationTests in 11.638 seconds (JVM running for 15.987)
2019-08-26 14:32:17.229  INFO 6740 --- [main] o.s.s.concurrent.ThreadPoolTaskExecutor  : Initializing ExecutorService
2019-08-26 14:32:32.917  INFO 6740 --- [ThreadPoolTaskExecutor-1] com.zaxxer.hikari.HikariDataSource       : HikariPool-1 - Starting...
2019-08-26 14:34:20.448  INFO 6740 --- [Thread-2] o.s.s.concurrent.ThreadPoolTaskExecutor  : Shutting down ExecutorService 'applicationTaskExecutor'
2019-08-26 14:34:36.798  INFO 8364 --- [main] com.vera.trade.TradeApplicationTests     : Starting TradeApplicationTests on DESKTOP-2QDUQ9D with PID 8364 (started by v in E:\idea_java\vr_back)
2019-08-26 14:34:36.801  INFO 8364 --- [main] com.vera.trade.TradeApplicationTests     : No active profile set, falling back to default profiles: default
2019-08-26 14:34:41.746  INFO 8364 --- [main] trationDelegate$BeanPostProcessorChecker : Bean 'threadConfig' of type [com.vera.trade.ThreadConfig$$EnhancerBySpringCGLIB$$8ad2869b] is not eligible for getting processed by all BeanPostProcessors (for example: not eligible for auto-proxying)
2019-08-26 14:34:45.608  INFO 8364 --- [main] o.s.s.concurrent.ThreadPoolTaskExecutor  : Initializing ExecutorService 'applicationTaskExecutor'
2019-08-26 14:34:47.025  INFO 8364 --- [main] o.s.b.a.w.s.WelcomePageHandlerMapping    : Adding welcome page template: index
2019-08-26 14:34:48.234  INFO 8364 --- [main] com.vera.trade.TradeApplicationTests     : Started TradeApplicationTests in 13.863 seconds (JVM running for 17.049)
2019-08-26 14:35:22.832  INFO 8364 --- [main] o.s.s.concurrent.ThreadPoolTaskExecutor  : Initializing ExecutorService
2019-08-26 14:41:00.954  INFO 6116 --- [main] com.vera.trade.TradeApplication          : Starting TradeApplication on DESKTOP-2QDUQ9D with PID 6116 (E:\idea_java\vr_back\target\classes started by v in E:\idea_java\vr_back)
2019-08-26 14:41:00.954  INFO 6116 --- [main] com.vera.trade.TradeApplication          : No active profile set, falling back to default profiles: default
2019-08-26 14:41:03.826  INFO 6116 --- [main] trationDelegate$BeanPostProcessorChecker : Bean 'threadConfig' of type [com.vera.trade.ThreadConfig$$EnhancerBySpringCGLIB$$d2fa8fa2] is not eligible for getting processed by all BeanPostProcessors (for example: not eligible for auto-proxying)
2019-08-26 14:41:04.435  INFO 6116 --- [main] o.s.b.w.embedded.tomcat.TomcatWebServer  : Tomcat initialized with port(s): 8090 (http)
2019-08-26 14:41:04.475  INFO 6116 --- [main] o.apache.catalina.core.StandardService   : Starting service [Tomcat]
2019-08-26 14:41:04.475  INFO 6116 --- [main] org.apache.catalina.core.StandardEngine  : Starting Servlet engine: [Apache Tomcat/9.0.21]
2019-08-26 14:41:04.675  INFO 6116 --- [main] o.a.c.c.C.[Tomcat].[localhost].[/]       : Initializing Spring embedded WebApplicationContext
2019-08-26 14:41:04.675  INFO 6116 --- [main] o.s.web.context.ContextLoader            : Root WebApplicationContext: initialization completed in 3501 ms
2019-08-26 14:41:04.745  INFO 6116 --- [main] f.a.AutowiredAnnotationBeanPostProcessor : Autowired annotation is not supported on static fields: public static com.vera.trade.service.AsyncService com.vera.trade.TradeApplication.mAsyncService
2019-08-26 14:41:05.305  INFO 6116 --- [main] o.s.s.concurrent.ThreadPoolTaskExecutor  : Initializing ExecutorService 'applicationTaskExecutor'
2019-08-26 14:41:05.705  INFO 6116 --- [main] o.s.b.a.w.s.WelcomePageHandlerMapping    : Adding welcome page template: index
2019-08-26 14:41:05.935  INFO 6116 --- [main] o.s.b.w.embedded.tomcat.TomcatWebServer  : Tomcat started on port(s): 8090 (http) with context path ''
2019-08-26 14:41:05.945  INFO 6116 --- [main] com.vera.trade.TradeApplication          : Started TradeApplication in 6.351 seconds (JVM running for 8.497)
2019-08-26 14:41:53.931  INFO 8364 --- [Thread-2] o.s.s.concurrent.ThreadPoolTaskExecutor  : Shutting down ExecutorService 'applicationTaskExecutor'
2019-08-26 14:41:53.941  INFO 8364 --- [ThreadPoolTaskExecutor-1] com.zaxxer.hikari.HikariDataSource       : HikariPool-1 - Starting...
2019-08-26 14:42:45.499  INFO 6708 --- [main] com.vera.trade.TradeApplication          : Starting TradeApplication on DESKTOP-2QDUQ9D with PID 6708 (E:\idea_java\vr_back\target\classes started by v in E:\idea_java\vr_back)
2019-08-26 14:42:45.499  INFO 6708 --- [main] com.vera.trade.TradeApplication          : No active profile set, falling back to default profiles: default
2019-08-26 14:42:47.757  INFO 6708 --- [main] trationDelegate$BeanPostProcessorChecker : Bean 'threadConfig' of type [com.vera.trade.ThreadConfig$$EnhancerBySpringCGLIB$$439b11ea] is not eligible for getting processed by all BeanPostProcessors (for example: not eligible for auto-proxying)
2019-08-26 14:42:48.447  INFO 6708 --- [main] o.s.b.w.embedded.tomcat.TomcatWebServer  : Tomcat initialized with port(s): 8090 (http)
2019-08-26 14:42:48.497  INFO 6708 --- [main] o.apache.catalina.core.StandardService   : Starting service [Tomcat]
2019-08-26 14:42:48.497  INFO 6708 --- [main] org.apache.catalina.core.StandardEngine  : Starting Servlet engine: [Apache Tomcat/9.0.21]
2019-08-26 14:42:48.727  INFO 6708 --- [main] o.a.c.c.C.[Tomcat].[localhost].[/]       : Initializing Spring embedded WebApplicationContext
2019-08-26 14:42:48.727  INFO 6708 --- [main] o.s.web.context.ContextLoader            : Root WebApplicationContext: initialization completed in 3118 ms
2019-08-26 14:42:49.534  INFO 6708 --- [main] o.s.s.concurrent.ThreadPoolTaskExecutor  : Initializing ExecutorService 'applicationTaskExecutor'
2019-08-26 14:42:49.904  INFO 6708 --- [main] o.s.b.a.w.s.WelcomePageHandlerMapping    : Adding welcome page template: index
2019-08-26 14:42:50.104  INFO 6708 --- [main] o.s.b.w.embedded.tomcat.TomcatWebServer  : Tomcat started on port(s): 8090 (http) with context path ''
2019-08-26 14:42:50.114  INFO 6708 --- [main] com.vera.trade.TradeApplication          : Started TradeApplication in 5.845 seconds (JVM running for 7.98)
2019-08-26 14:53:38.580  INFO 6708 --- [http-nio-8090-exec-1] o.a.c.c.C.[Tomcat].[localhost].[/]       : Initializing Spring DispatcherServlet 'dispatcherServlet'
2019-08-26 14:53:38.581  INFO 6708 --- [http-nio-8090-exec-1] o.s.web.servlet.DispatcherServlet        : Initializing Servlet 'dispatcherServlet'
2019-08-26 14:53:38.593  INFO 6708 --- [http-nio-8090-exec-1] o.s.web.servlet.DispatcherServlet        : Completed initialization in 12 ms
2019-08-26 14:53:38.634  INFO 6708 --- [http-nio-8090-exec-1] c.v.trade.controller.UploadController    : getAll
2019-08-26 14:53:38.644  INFO 6708 --- [http-nio-8090-exec-1] com.zaxxer.hikari.HikariDataSource       : HikariPool-1 - Starting...
2019-08-26 14:53:40.771  INFO 6708 --- [http-nio-8090-exec-1] com.zaxxer.hikari.HikariDataSource       : HikariPool-1 - Start completed.
2019-08-26 14:53:55.234  INFO 5668 --- [main] com.vera.trade.TradeApplication          : Starting TradeApplication on DESKTOP-2QDUQ9D with PID 5668 (E:\idea_java\vr_back\target\classes started by v in E:\idea_java\vr_back)
2019-08-26 14:53:55.254  INFO 5668 --- [main] com.vera.trade.TradeApplication          : No active profile set, falling back to default profiles: default
2019-08-26 14:53:58.316  INFO 5668 --- [main] trationDelegate$BeanPostProcessorChecker : Bean 'threadConfig' of type [com.vera.trade.ThreadConfig$$EnhancerBySpringCGLIB$$4060ab6f] is not eligible for getting processed by all BeanPostProcessors (for example: not eligible for auto-proxying)
2019-08-26 14:53:59.035  INFO 5668 --- [main] o.s.b.w.embedded.tomcat.TomcatWebServer  : Tomcat initialized with port(s): 8090 (http)
2019-08-26 14:53:59.079  INFO 5668 --- [main] o.apache.catalina.core.StandardService   : Starting service [Tomcat]
2019-08-26 14:53:59.080  INFO 5668 --- [main] org.apache.catalina.core.StandardEngine  : Starting Servlet engine: [Apache Tomcat/9.0.21]
2019-08-26 14:53:59.293  INFO 5668 --- [main] o.a.c.c.C.[Tomcat].[localhost].[/]       : Initializing Spring embedded WebApplicationContext
2019-08-26 14:53:59.294  INFO 5668 --- [main] o.s.web.context.ContextLoader            : Root WebApplicationContext: initialization completed in 3883 ms
2019-08-26 14:54:00.341  INFO 5668 --- [main] o.s.s.concurrent.ThreadPoolTaskExecutor  : Initializing ExecutorService 'applicationTaskExecutor'
2019-08-26 14:54:00.843  INFO 5668 --- [main] o.s.b.a.w.s.WelcomePageHandlerMapping    : Adding welcome page template: index
2019-08-26 14:54:01.242  INFO 5668 --- [main] o.s.b.w.embedded.tomcat.TomcatWebServer  : Tomcat started on port(s): 8090 (http) with context path ''
2019-08-26 14:54:01.250  INFO 5668 --- [main] com.vera.trade.TradeApplication          : Started TradeApplication in 7.284 seconds (JVM running for 11.081)
2019-08-26 14:54:01.798  INFO 5668 --- [http-nio-8090-exec-1] o.a.c.c.C.[Tomcat].[localhost].[/]       : Initializing Spring DispatcherServlet 'dispatcherServlet'
2019-08-26 14:54:01.799  INFO 5668 --- [http-nio-8090-exec-1] o.s.web.servlet.DispatcherServlet        : Initializing Servlet 'dispatcherServlet'
2019-08-26 14:54:01.819  INFO 5668 --- [http-nio-8090-exec-1] o.s.web.servlet.DispatcherServlet        : Completed initialization in 20 ms
2019-08-26 14:54:01.947  INFO 5668 --- [http-nio-8090-exec-1] com.zaxxer.hikari.HikariDataSource       : HikariPool-1 - Starting...
2019-08-26 14:54:03.755  INFO 5668 --- [http-nio-8090-exec-1] com.zaxxer.hikari.HikariDataSource       : HikariPool-1 - Start completed.
2019-08-26 14:54:26.735  WARN 5668 --- [http-nio-8090-exec-4] .w.s.m.s.DefaultHandlerExceptionResolver : Resolved [org.springframework.http.converter.HttpMessageNotReadableException: Required request body is missing: public com.vera.trade.model.Model com.vera.trade.controller.UploadController.params(java.lang.String,java.lang.String)]
2019-08-26 14:56:15.578  INFO 5668 --- [http-nio-8090-exec-6] c.v.trade.controller.UploadController    : getAll
2019-08-26 15:00:36.528  INFO 5220 --- [main] com.vera.trade.TradeApplication          : Starting TradeApplication on DESKTOP-2QDUQ9D with PID 5220 (E:\idea_java\vr_back\target\classes started by v in E:\idea_java\vr_back)
2019-08-26 15:00:36.536  INFO 5220 --- [main] com.vera.trade.TradeApplication          : No active profile set, falling back to default profiles: default
2019-08-26 15:00:40.038  INFO 5220 --- [main] trationDelegate$BeanPostProcessorChecker : Bean 'threadConfig' of type [com.vera.trade.ThreadConfig$$EnhancerBySpringCGLIB$$292dc9fd] is not eligible for getting processed by all BeanPostProcessors (for example: not eligible for auto-proxying)
2019-08-26 15:00:41.250  INFO 5220 --- [main] o.s.b.w.embedded.tomcat.TomcatWebServer  : Tomcat initialized with port(s): 8090 (http)
2019-08-26 15:00:41.347  INFO 5220 --- [main] o.apache.catalina.core.StandardService   : Starting service [Tomcat]
2019-08-26 15:00:41.348  INFO 5220 --- [main] org.apache.catalina.core.StandardEngine  : Starting Servlet engine: [Apache Tomcat/9.0.21]
2019-08-26 15:00:41.702  INFO 5220 --- [main] o.a.c.c.C.[Tomcat].[localhost].[/]       : Initializing Spring embedded WebApplicationContext
2019-08-26 15:00:41.702  INFO 5220 --- [main] o.s.web.context.ContextLoader            : Root WebApplicationContext: initialization completed in 4958 ms
2019-08-26 15:00:42.930  INFO 5220 --- [main] o.s.s.concurrent.ThreadPoolTaskExecutor  : Initializing ExecutorService 'applicationTaskExecutor'
2019-08-26 15:00:43.419  INFO 5220 --- [main] o.s.b.a.w.s.WelcomePageHandlerMapping    : Adding welcome page template: index
2019-08-26 15:00:43.762  INFO 5220 --- [main] o.s.b.w.embedded.tomcat.TomcatWebServer  : Tomcat started on port(s): 8090 (http) with context path ''
2019-08-26 15:00:43.773  INFO 5220 --- [main] com.vera.trade.TradeApplication          : Started TradeApplication in 9.1 seconds (JVM running for 12.366)
2019-08-26 15:01:22.095  INFO 5220 --- [http-nio-8090-exec-1] o.a.c.c.C.[Tomcat].[localhost].[/]       : Initializing Spring DispatcherServlet 'dispatcherServlet'
2019-08-26 15:01:22.095  INFO 5220 --- [http-nio-8090-exec-1] o.s.web.servlet.DispatcherServlet        : Initializing Servlet 'dispatcherServlet'
2019-08-26 15:01:22.106  INFO 5220 --- [http-nio-8090-exec-1] o.s.web.servlet.DispatcherServlet        : Completed initialization in 10 ms
2019-08-26 15:01:22.184  INFO 5220 --- [http-nio-8090-exec-1] com.zaxxer.hikari.HikariDataSource       : HikariPool-1 - Starting...
2019-08-26 15:01:23.379  INFO 5220 --- [http-nio-8090-exec-1] com.zaxxer.hikari.HikariDataSource       : HikariPool-1 - Start completed.
2019-08-26 15:08:09.990  INFO 12604 --- [main] com.vera.trade.TradeApplication          : Starting TradeApplication on DESKTOP-2QDUQ9D with PID 12604 (E:\idea_java\vr_back\target\classes started by v in E:\idea_java\vr_back)
2019-08-26 15:08:09.998  INFO 12604 --- [main] com.vera.trade.TradeApplication          : No active profile set, falling back to default profiles: default
2019-08-26 15:08:12.318  INFO 12604 --- [main] trationDelegate$BeanPostProcessorChecker : Bean 'threadConfig' of type [com.vera.trade.ThreadConfig$$EnhancerBySpringCGLIB$$5b3ae5c1] is not eligible for getting processed by all BeanPostProcessors (for example: not eligible for auto-proxying)
2019-08-26 15:08:13.016  INFO 12604 --- [main] o.s.b.w.embedded.tomcat.TomcatWebServer  : Tomcat initialized with port(s): 8090 (http)
2019-08-26 15:08:13.065  INFO 12604 --- [main] o.apache.catalina.core.StandardService   : Starting service [Tomcat]
2019-08-26 15:08:13.066  INFO 12604 --- [main] org.apache.catalina.core.StandardEngine  : Starting Servlet engine: [Apache Tomcat/9.0.21]
2019-08-26 15:08:13.243  INFO 12604 --- [main] o.a.c.c.C.[Tomcat].[localhost].[/]       : Initializing Spring embedded WebApplicationContext
2019-08-26 15:08:13.243  INFO 12604 --- [main] o.s.web.context.ContextLoader            : Root WebApplicationContext: initialization completed in 3142 ms
2019-08-26 15:08:14.088  INFO 12604 --- [main] o.s.s.concurrent.ThreadPoolTaskExecutor  : Initializing ExecutorService 'applicationTaskExecutor'
2019-08-26 15:08:14.482  INFO 12604 --- [main] o.s.b.a.w.s.WelcomePageHandlerMapping    : Adding welcome page template: index
2019-08-26 15:08:14.855  INFO 12604 --- [main] o.s.b.w.embedded.tomcat.TomcatWebServer  : Tomcat started on port(s): 8090 (http) with context path ''
2019-08-26 15:08:14.864  INFO 12604 --- [main] com.vera.trade.TradeApplication          : Started TradeApplication in 6.175 seconds (JVM running for 8.926)
2019-08-26 15:13:25.808  INFO 9540 --- [main] com.vera.trade.TradeApplication          : Starting TradeApplication on DESKTOP-2QDUQ9D with PID 9540 (E:\idea_java\vr_back\target\classes started by v in E:\idea_java\vr_back)
2019-08-26 15:13:25.814  INFO 9540 --- [main] com.vera.trade.TradeApplication          : No active profile set, falling back to default profiles: default
2019-08-26 15:13:30.167  INFO 9540 --- [main] trationDelegate$BeanPostProcessorChecker : Bean 'threadConfig' of type [com.vera.trade.ThreadConfig$$EnhancerBySpringCGLIB$$3a0232fb] is not eligible for getting processed by all BeanPostProcessors (for example: not eligible for auto-proxying)
2019-08-26 15:13:30.866  INFO 9540 --- [main] o.s.b.w.embedded.tomcat.TomcatWebServer  : Tomcat initialized with port(s): 8090 (http)
2019-08-26 15:13:30.906  INFO 9540 --- [main] o.apache.catalina.core.StandardService   : Starting service [Tomcat]
2019-08-26 15:13:30.906  INFO 9540 --- [main] org.apache.catalina.core.StandardEngine  : Starting Servlet engine: [Apache Tomcat/9.0.21]
2019-08-26 15:13:31.116  INFO 9540 --- [main] o.a.c.c.C.[Tomcat].[localhost].[/]       : Initializing Spring embedded WebApplicationContext
2019-08-26 15:13:31.117  INFO 9540 --- [main] o.s.web.context.ContextLoader            : Root WebApplicationContext: initialization completed in 5118 ms
2019-08-26 15:13:31.821  INFO 9540 --- [main] o.s.s.concurrent.ThreadPoolTaskExecutor  : Initializing ExecutorService 'applicationTaskExecutor'
2019-08-26 15:13:32.334  INFO 9540 --- [main] o.s.b.a.w.s.WelcomePageHandlerMapping    : Adding welcome page template: index
2019-08-26 15:13:32.668  INFO 9540 --- [main] o.s.b.w.embedded.tomcat.TomcatWebServer  : Tomcat started on port(s): 8090 (http) with context path ''
2019-08-26 15:13:32.674  INFO 9540 --- [main] com.vera.trade.TradeApplication          : Started TradeApplication in 8.372 seconds (JVM running for 11.248)
2019-08-26 15:26:27.520  INFO 1008 --- [main] com.vera.trade.TradeApplication          : Starting TradeApplication on DESKTOP-2QDUQ9D with PID 1008 (E:\idea_java\vr_back\target\classes started by v in E:\idea_java\vr_back)
2019-08-26 15:26:27.530  INFO 1008 --- [main] com.vera.trade.TradeApplication          : No active profile set, falling back to default profiles: default
2019-08-26 15:26:31.138  INFO 1008 --- [main] trationDelegate$BeanPostProcessorChecker : Bean 'threadConfig' of type [com.vera.trade.ThreadConfig$$EnhancerBySpringCGLIB$$cd39efb3] is not eligible for getting processed by all BeanPostProcessors (for example: not eligible for auto-proxying)
2019-08-26 15:26:32.099  INFO 1008 --- [main] o.s.b.w.embedded.tomcat.TomcatWebServer  : Tomcat initialized with port(s): 8090 (http)
2019-08-26 15:26:32.166  INFO 1008 --- [main] o.apache.catalina.core.StandardService   : Starting service [Tomcat]
2019-08-26 15:26:32.167  INFO 1008 --- [main] org.apache.catalina.core.StandardEngine  : Starting Servlet engine: [Apache Tomcat/9.0.21]
2019-08-26 15:26:32.435  INFO 1008 --- [main] o.a.c.c.C.[Tomcat].[localhost].[/]       : Initializing Spring embedded WebApplicationContext
2019-08-26 15:26:32.436  INFO 1008 --- [main] o.s.web.context.ContextLoader            : Root WebApplicationContext: initialization completed in 4744 ms
2019-08-26 15:26:33.642  INFO 1008 --- [main] o.s.s.concurrent.ThreadPoolTaskExecutor  : Initializing ExecutorService 'applicationTaskExecutor'
2019-08-26 15:26:34.220  INFO 1008 --- [main] o.s.b.a.w.s.WelcomePageHandlerMapping    : Adding welcome page template: index
2019-08-26 15:26:34.624  INFO 1008 --- [main] o.s.b.w.embedded.tomcat.TomcatWebServer  : Tomcat started on port(s): 8090 (http) with context path ''
2019-08-26 15:26:34.632  INFO 1008 --- [main] com.vera.trade.TradeApplication          : Started TradeApplication in 8.743 seconds (JVM running for 12.807)
2019-08-26 15:26:35.382  INFO 1008 --- [http-nio-8090-exec-2] o.a.c.c.C.[Tomcat].[localhost].[/]       : Initializing Spring DispatcherServlet 'dispatcherServlet'
2019-08-26 15:26:35.383  INFO 1008 --- [http-nio-8090-exec-2] o.s.web.servlet.DispatcherServlet        : Initializing Servlet 'dispatcherServlet'
2019-08-26 15:26:35.401  INFO 1008 --- [http-nio-8090-exec-2] o.s.web.servlet.DispatcherServlet        : Completed initialization in 17 ms
2019-08-26 15:26:35.584  INFO 1008 --- [http-nio-8090-exec-2] com.zaxxer.hikari.HikariDataSource       : HikariPool-1 - Starting...
2019-08-26 15:26:37.447  INFO 1008 --- [http-nio-8090-exec-2] com.zaxxer.hikari.HikariDataSource       : HikariPool-1 - Start completed.
